<?xml version="1.0" encoding="UTF-8" ?>
<testsuite 
errors="0" failures="0" hostname="unknown" name="q1.Problem1Test" tests="4" time="0.112" timestamp="2024-03-10T22:28:27">
  <properties>
[...]
</properties>
  <testcase 
  name="iterateUsingUnfold should generate the correct LazyList" classname="q1.Problem1Test" time="0.033">
</testcase>
  <testcase 
  name="iterateWithoutUnfold should generate the correct LazyList" classname="q1.Problem1Test" time="0.001">
</testcase>
  <testcase 
  name="iterateWithoutUnfold and iterateUsingUnfold should generate the same LazyList 1" classname="q1.Problem1Test" time="0.001">
</testcase>
  <testcase 
  name="iterateWithoutUnfold and iterateUsingUnfold should generate the same LazyList 2" classname="q1.Problem1Test" time="0.002">
</testcase>
  <system-out><![CDATA[]]></system-out>
  <system-err><![CDATA[]]></system-err>
</testsuite>
